
> embr-infrastructure@1.0.0 build:web
> npm --prefix apps/web run build


> embr-web@0.1.0 build
> next build

  ▲ Next.js 14.2.5

   Linting and checking validity of types ...
Failed to compile.

./src/shared/api/messaging.api.ts:175:29
Type error: No overload matches this call.
  Overload 1 of 3, '(name: string, value: string | Blob): void', gave the following error.
    Argument of type 'File | Buffer<ArrayBufferLike>' is not assignable to parameter of type 'string | Blob'.
      Type 'Buffer<ArrayBufferLike>' is not assignable to type 'string | Blob'.
        Type 'Buffer<ArrayBufferLike>' is missing the following properties from type 'Blob': size, type, arrayBuffer, bytes, and 2 more.
  Overload 2 of 3, '(name: string, value: string): void', gave the following error.
    Argument of type 'File | Buffer<ArrayBufferLike>' is not assignable to parameter of type 'string'.
      Type 'File' is not assignable to type 'string'.
  Overload 3 of 3, '(name: string, blobValue: Blob, filename?: string): void', gave the following error.
    Argument of type 'File | Buffer<ArrayBufferLike>' is not assignable to parameter of type 'Blob'.
      Type 'Buffer<ArrayBufferLike>' is missing the following properties from type 'Blob': size, type, arrayBuffer, bytes, and 2 more.

[0m [90m 173 |[39m     [36mconst[39m formData [33m=[39m [36mnew[39m [33mFormData[39m()[33m;[39m[0m
[0m [90m 174 |[39m[0m
[0m[31m[1m>[22m[39m[90m 175 |[39m     formData[33m.[39mappend([32m"file"[39m[33m,[39m request[33m.[39mfile)[33m;[39m[0m
[0m [90m     |[39m                             [31m[1m^[22m[39m[0m
[0m [90m 176 |[39m[0m
[0m [90m 177 |[39m     formData[33m.[39mappend([32m"conversationId"[39m[33m,[39m request[33m.[39mconversationId)[33m;[39m[0m
[0m [90m 178 |[39m     formData[33m.[39mappend([32m"type"[39m[33m,[39m request[33m.[39mtype)[33m;[39m[0m
