
> embr-infrastructure@1.0.0 build:web
> npm --prefix apps/web run build


> embr-web@0.1.0 build
> next build

  ▲ Next.js 14.2.5

   Linting and checking validity of types ...
   Creating an optimized production build ...
 ✓ Compiled successfully
   Collecting page data ...
   Generating static pages (0/9) ...
   Generating static pages (2/9) 
   Generating static pages (4/9) 
   Generating static pages (6/9) 
 ✓ Generating static pages (9/9)
   Finalizing page optimization ...
   Collecting build traces ...

Route (pages)                              Size     First Load JS
┌ ○ / (373 ms)                             12.4 kB         117 kB
├   /_app                                  0 B             102 kB
├ ○ /404                                   180 B           103 kB
├ ○ /auth/forgot-password                  1.34 kB         106 kB
├ ○ /auth/login (376 ms)                   1.87 kB         107 kB
├ ○ /auth/reset-password (370 ms)          1.72 kB         107 kB
├ ○ /auth/signup (384 ms)                  2.24 kB         107 kB
├ ○ /DiscoveryPage (364 ms)                6.47 kB         109 kB
└ ○ /profile/edit (309 ms)                 1.57 kB         104 kB
+ First Load JS shared by all              103 kB
  ├ chunks/framework-ecc4130bc7a58a64.js   45.2 kB
  ├ chunks/main-ac52e5f1ea1d2a16.js        32 kB
  ├ chunks/pages/_app-ca2c052fd403e263.js  24.4 kB
  └ other shared chunks (total)            1.02 kB

○  (Static)  prerendered as static content

